[2025-01-04 15:47:53] local.ERROR: SQLSTATE[23000]: Integrity constraint violation: 1062 Duplicate entry '9815555096' for key 'users_phone_unique' (Connection: mysql, SQL: insert into `users` (`email`, `name`, `password`, `phone`, `role`) values (sandeshpaudel0618@gmail.com, Admin, $2y$12$KCiF63slu1Tf1a2zr0OKzeK5lfhAwJSHIOigcejWFTzoNqLz86IAC, 9815555096, admin), (sandypoudel24@gmail.com, Sandesh Paudel, $2y$12$P5tzMdee6YGvB1C4ZzCNOuY4ZpdpLc6pmnvvmbl6q3UORZhLJb0ha, 9863464699, user), (p.sandesh24@tbc.edu.np, Ramesh Acharya, $2y$12$XQpIt1De3zsvkpPxbvg7SOkgrQiHCuyaC4DOtfuZ0sh0YV2qiWjaK, 9815555097, user)) {"exception":"[object] (Illuminate\\Database\\UniqueConstraintViolationException(code: 23000): SQLSTATE[23000]: Integrity constraint violation: 1062 Duplicate entry '9815555096' for key 'users_phone_unique' (Connection: mysql, SQL: insert into `users` (`email`, `name`, `password`, `phone`, `role`) values (sandeshpaudel0618@gmail.com, Admin, $2y$12$KCiF63slu1Tf1a2zr0OKzeK5lfhAwJSHIOigcejWFTzoNqLz86IAC, 9815555096, admin), (sandypoudel24@gmail.com, Sandesh Paudel, $2y$12$P5tzMdee6YGvB1C4ZzCNOuY4ZpdpLc6pmnvvmbl6q3UORZhLJb0ha, 9863464699, user), (p.sandesh24@tbc.edu.np, Ramesh Acharya, $2y$12$XQpIt1De3zsvkpPxbvg7SOkgrQiHCuyaC4DOtfuZ0sh0YV2qiWjaK, 9815555097, user)) at F:\\LaravelProject\\laravel_1st\\vendor\\laravel\\framework\\src\\Illuminate\\Database\\Connection.php:824)
[stacktrace]
#0 F:\\LaravelProject\\laravel_1st\\vendor\\laravel\\framework\\src\\Illuminate\\Database\\Connection.php(783): Illuminate\\Database\\Connection->runQueryCallback()
#1 F:\\LaravelProject\\laravel_1st\\vendor\\laravel\\framework\\src\\Illuminate\\Database\\MySqlConnection.php(34): Illuminate\\Database\\Connection->run()
#2 F:\\LaravelProject\\laravel_1st\\vendor\\laravel\\framework\\src\\Illuminate\\Database\\Query\\Builder.php(3498): Illuminate\\Database\\MySqlConnection->insert()
#3 F:\\LaravelProject\\laravel_1st\\database\\seeders\\UserTableSeeder.php(19): Illuminate\\Database\\Query\\Builder->insert()
#4 F:\\LaravelProject\\laravel_1st\\vendor\\laravel\\framework\\src\\Illuminate\\Container\\BoundMethod.php(36): Database\\Seeders\\UserTableSeeder->run()
#5 F:\\LaravelProject\\laravel_1st\\vendor\\laravel\\framework\\src\\Illuminate\\Container\\Util.php(41): Illuminate\\Container\\BoundMethod::Illuminate\\Container\\{closure}()
#6 F:\\LaravelProject\\laravel_1st\\vendor\\laravel\\framework\\src\\Illuminate\\Container\\BoundMethod.php(93): Illuminate\\Container\\Util::unwrapIfClosure()
#7 F:\\LaravelProject\\laravel_1st\\vendor\\laravel\\framework\\src\\Illuminate\\Container\\BoundMethod.php(35): Illuminate\\Container\\BoundMethod::callBoundMethod()
#8 F:\\LaravelProject\\laravel_1st\\vendor\\laravel\\framework\\src\\Illuminate\\Container\\Container.php(662): Illuminate\\Container\\BoundMethod::call()
#9 F:\\LaravelProject\\laravel_1st\\vendor\\laravel\\framework\\src\\Illuminate\\Database\\Seeder.php(184): Illuminate\\Container\\Container->call()
#10 F:\\LaravelProject\\laravel_1st\\vendor\\laravel\\framework\\src\\Illuminate\\Database\\Seeder.php(193): Illuminate\\Database\\Seeder->Illuminate\\Database\\{closure}()
#11 F:\\LaravelProject\\laravel_1st\\vendor\\laravel\\framework\\src\\Illuminate\\Database\\Seeder.php(61): Illuminate\\Database\\Seeder->__invoke()
#12 F:\\LaravelProject\\laravel_1st\\database\\seeders\\DatabaseSeeder.php(15): Illuminate\\Database\\Seeder->call()
#13 F:\\LaravelProject\\laravel_1st\\vendor\\laravel\\framework\\src\\Illuminate\\Container\\BoundMethod.php(36): Database\\Seeders\\DatabaseSeeder->run()
#14 F:\\LaravelProject\\laravel_1st\\vendor\\laravel\\framework\\src\\Illuminate\\Container\\Util.php(41): Illuminate\\Container\\BoundMethod::Illuminate\\Container\\{closure}()
#15 F:\\LaravelProject\\laravel_1st\\vendor\\laravel\\framework\\src\\Illuminate\\Container\\BoundMethod.php(93): Illuminate\\Container\\Util::unwrapIfClosure()
#16 F:\\LaravelProject\\laravel_1st\\vendor\\laravel\\framework\\src\\Illuminate\\Container\\BoundMethod.php(35): Illuminate\\Container\\BoundMethod::callBoundMethod()
#17 F:\\LaravelProject\\laravel_1st\\vendor\\laravel\\framework\\src\\Illuminate\\Container\\Container.php(662): Illuminate\\Container\\BoundMethod::call()
#18 F:\\LaravelProject\\laravel_1st\\vendor\\laravel\\framework\\src\\Illuminate\\Database\\Seeder.php(184): Illuminate\\Container\\Container->call()
#19 F:\\LaravelProject\\laravel_1st\\vendor\\laravel\\framework\\src\\Illuminate\\Database\\Seeder.php(193): Illuminate\\Database\\Seeder->Illuminate\\Database\\{closure}()
#20 F:\\LaravelProject\\laravel_1st\\vendor\\laravel\\framework\\src\\Illuminate\\Database\\Console\\Seeds\\SeedCommand.php(70): Illuminate\\Database\\Seeder->__invoke()
#21 F:\\LaravelProject\\laravel_1st\\vendor\\laravel\\framework\\src\\Illuminate\\Database\\Eloquent\\Concerns\\GuardsAttributes.php(155): Illuminate\\Database\\Console\\Seeds\\SeedCommand->Illuminate\\Database\\Console\\Seeds\\{closure}()
#22 F:\\LaravelProject\\laravel_1st\\vendor\\laravel\\framework\\src\\Illuminate\\Database\\Console\\Seeds\\SeedCommand.php(69): Illuminate\\Database\\Eloquent\\Model::unguarded()
#23 F:\\LaravelProject\\laravel_1st\\vendor\\laravel\\framework\\src\\Illuminate\\Container\\BoundMethod.php(36): Illuminate\\Database\\Console\\Seeds\\SeedCommand->handle()
#24 F:\\LaravelProject\\laravel_1st\\vendor\\laravel\\framework\\src\\Illuminate\\Container\\Util.php(41): Illuminate\\Container\\BoundMethod::Illuminate\\Container\\{closure}()
#25 F:\\LaravelProject\\laravel_1st\\vendor\\laravel\\framework\\src\\Illuminate\\Container\\BoundMethod.php(93): Illuminate\\Container\\Util::unwrapIfClosure()
#26 F:\\LaravelProject\\laravel_1st\\vendor\\laravel\\framework\\src\\Illuminate\\Container\\BoundMethod.php(35): Illuminate\\Container\\BoundMethod::callBoundMethod()
#27 F:\\LaravelProject\\laravel_1st\\vendor\\laravel\\framework\\src\\Illuminate\\Container\\Container.php(662): Illuminate\\Container\\BoundMethod::call()
#28 F:\\LaravelProject\\laravel_1st\\vendor\\laravel\\framework\\src\\Illuminate\\Console\\Command.php(211): Illuminate\\Container\\Container->call()
#29 F:\\LaravelProject\\laravel_1st\\vendor\\symfony\\console\\Command\\Command.php(326): Illuminate\\Console\\Command->execute()
#30 F:\\LaravelProject\\laravel_1st\\vendor\\laravel\\framework\\src\\Illuminate\\Console\\Command.php(180): Symfony\\Component\\Console\\Command\\Command->run()
#31 F:\\LaravelProject\\laravel_1st\\vendor\\symfony\\console\\Application.php(1096): Illuminate\\Console\\Command->run()
#32 F:\\LaravelProject\\laravel_1st\\vendor\\symfony\\console\\Application.php(324): Symfony\\Component\\Console\\Application->doRunCommand()
#33 F:\\LaravelProject\\laravel_1st\\vendor\\symfony\\console\\Application.php(175): Symfony\\Component\\Console\\Application->doRun()
#34 F:\\LaravelProject\\laravel_1st\\vendor\\laravel\\framework\\src\\Illuminate\\Foundation\\Console\\Kernel.php(201): Symfony\\Component\\Console\\Application->run()
#35 F:\\LaravelProject\\laravel_1st\\artisan(35): Illuminate\\Foundation\\Console\\Kernel->handle()
#36 {main}

[previous exception] [object] (PDOException(code: 23000): SQLSTATE[23000]: Integrity constraint violation: 1062 Duplicate entry '9815555096' for key 'users_phone_unique' at F:\\LaravelProject\\laravel_1st\\vendor\\laravel\\framework\\src\\Illuminate\\Database\\MySqlConnection.php:45)
[stacktrace]
#0 F:\\LaravelProject\\laravel_1st\\vendor\\laravel\\framework\\src\\Illuminate\\Database\\MySqlConnection.php(45): PDOStatement->execute()
#1 F:\\LaravelProject\\laravel_1st\\vendor\\laravel\\framework\\src\\Illuminate\\Database\\Connection.php(816): Illuminate\\Database\\MySqlConnection->Illuminate\\Database\\{closure}()
#2 F:\\LaravelProject\\laravel_1st\\vendor\\laravel\\framework\\src\\Illuminate\\Database\\Connection.php(783): Illuminate\\Database\\Connection->runQueryCallback()
#3 F:\\LaravelProject\\laravel_1st\\vendor\\laravel\\framework\\src\\Illuminate\\Database\\MySqlConnection.php(34): Illuminate\\Database\\Connection->run()
#4 F:\\LaravelProject\\laravel_1st\\vendor\\laravel\\framework\\src\\Illuminate\\Database\\Query\\Builder.php(3498): Illuminate\\Database\\MySqlConnection->insert()
#5 F:\\LaravelProject\\laravel_1st\\database\\seeders\\UserTableSeeder.php(19): Illuminate\\Database\\Query\\Builder->insert()
#6 F:\\LaravelProject\\laravel_1st\\vendor\\laravel\\framework\\src\\Illuminate\\Container\\BoundMethod.php(36): Database\\Seeders\\UserTableSeeder->run()
#7 F:\\LaravelProject\\laravel_1st\\vendor\\laravel\\framework\\src\\Illuminate\\Container\\Util.php(41): Illuminate\\Container\\BoundMethod::Illuminate\\Container\\{closure}()
#8 F:\\LaravelProject\\laravel_1st\\vendor\\laravel\\framework\\src\\Illuminate\\Container\\BoundMethod.php(93): Illuminate\\Container\\Util::unwrapIfClosure()
#9 F:\\LaravelProject\\laravel_1st\\vendor\\laravel\\framework\\src\\Illuminate\\Container\\BoundMethod.php(35): Illuminate\\Container\\BoundMethod::callBoundMethod()
#10 F:\\LaravelProject\\laravel_1st\\vendor\\laravel\\framework\\src\\Illuminate\\Container\\Container.php(662): Illuminate\\Container\\BoundMethod::call()
#11 F:\\LaravelProject\\laravel_1st\\vendor\\laravel\\framework\\src\\Illuminate\\Database\\Seeder.php(184): Illuminate\\Container\\Container->call()
#12 F:\\LaravelProject\\laravel_1st\\vendor\\laravel\\framework\\src\\Illuminate\\Database\\Seeder.php(193): Illuminate\\Database\\Seeder->Illuminate\\Database\\{closure}()
#13 F:\\LaravelProject\\laravel_1st\\vendor\\laravel\\framework\\src\\Illuminate\\Database\\Seeder.php(61): Illuminate\\Database\\Seeder->__invoke()
#14 F:\\LaravelProject\\laravel_1st\\database\\seeders\\DatabaseSeeder.php(15): Illuminate\\Database\\Seeder->call()
#15 F:\\LaravelProject\\laravel_1st\\vendor\\laravel\\framework\\src\\Illuminate\\Container\\BoundMethod.php(36): Database\\Seeders\\DatabaseSeeder->run()
#16 F:\\LaravelProject\\laravel_1st\\vendor\\laravel\\framework\\src\\Illuminate\\Container\\Util.php(41): Illuminate\\Container\\BoundMethod::Illuminate\\Container\\{closure}()
#17 F:\\LaravelProject\\laravel_1st\\vendor\\laravel\\framework\\src\\Illuminate\\Container\\BoundMethod.php(93): Illuminate\\Container\\Util::unwrapIfClosure()
#18 F:\\LaravelProject\\laravel_1st\\vendor\\laravel\\framework\\src\\Illuminate\\Container\\BoundMethod.php(35): Illuminate\\Container\\BoundMethod::callBoundMethod()
#19 F:\\LaravelProject\\laravel_1st\\vendor\\laravel\\framework\\src\\Illuminate\\Container\\Container.php(662): Illuminate\\Container\\BoundMethod::call()
#20 F:\\LaravelProject\\laravel_1st\\vendor\\laravel\\framework\\src\\Illuminate\\Database\\Seeder.php(184): Illuminate\\Container\\Container->call()
#21 F:\\LaravelProject\\laravel_1st\\vendor\\laravel\\framework\\src\\Illuminate\\Database\\Seeder.php(193): Illuminate\\Database\\Seeder->Illuminate\\Database\\{closure}()
#22 F:\\LaravelProject\\laravel_1st\\vendor\\laravel\\framework\\src\\Illuminate\\Database\\Console\\Seeds\\SeedCommand.php(70): Illuminate\\Database\\Seeder->__invoke()
#23 F:\\LaravelProject\\laravel_1st\\vendor\\laravel\\framework\\src\\Illuminate\\Database\\Eloquent\\Concerns\\GuardsAttributes.php(155): Illuminate\\Database\\Console\\Seeds\\SeedCommand->Illuminate\\Database\\Console\\Seeds\\{closure}()
#24 F:\\LaravelProject\\laravel_1st\\vendor\\laravel\\framework\\src\\Illuminate\\Database\\Console\\Seeds\\SeedCommand.php(69): Illuminate\\Database\\Eloquent\\Model::unguarded()
#25 F:\\LaravelProject\\laravel_1st\\vendor\\laravel\\framework\\src\\Illuminate\\Container\\BoundMethod.php(36): Illuminate\\Database\\Console\\Seeds\\SeedCommand->handle()
#26 F:\\LaravelProject\\laravel_1st\\vendor\\laravel\\framework\\src\\Illuminate\\Container\\Util.php(41): Illuminate\\Container\\BoundMethod::Illuminate\\Container\\{closure}()
#27 F:\\LaravelProject\\laravel_1st\\vendor\\laravel\\framework\\src\\Illuminate\\Container\\BoundMethod.php(93): Illuminate\\Container\\Util::unwrapIfClosure()
#28 F:\\LaravelProject\\laravel_1st\\vendor\\laravel\\framework\\src\\Illuminate\\Container\\BoundMethod.php(35): Illuminate\\Container\\BoundMethod::callBoundMethod()
#29 F:\\LaravelProject\\laravel_1st\\vendor\\laravel\\framework\\src\\Illuminate\\Container\\Container.php(662): Illuminate\\Container\\BoundMethod::call()
#30 F:\\LaravelProject\\laravel_1st\\vendor\\laravel\\framework\\src\\Illuminate\\Console\\Command.php(211): Illuminate\\Container\\Container->call()
#31 F:\\LaravelProject\\laravel_1st\\vendor\\symfony\\console\\Command\\Command.php(326): Illuminate\\Console\\Command->execute()
#32 F:\\LaravelProject\\laravel_1st\\vendor\\laravel\\framework\\src\\Illuminate\\Console\\Command.php(180): Symfony\\Component\\Console\\Command\\Command->run()
#33 F:\\LaravelProject\\laravel_1st\\vendor\\symfony\\console\\Application.php(1096): Illuminate\\Console\\Command->run()
#34 F:\\LaravelProject\\laravel_1st\\vendor\\symfony\\console\\Application.php(324): Symfony\\Component\\Console\\Application->doRunCommand()
#35 F:\\LaravelProject\\laravel_1st\\vendor\\symfony\\console\\Application.php(175): Symfony\\Component\\Console\\Application->doRun()
#36 F:\\LaravelProject\\laravel_1st\\vendor\\laravel\\framework\\src\\Illuminate\\Foundation\\Console\\Kernel.php(201): Symfony\\Component\\Console\\Application->run()
#37 F:\\LaravelProject\\laravel_1st\\artisan(35): Illuminate\\Foundation\\Console\\Kernel->handle()
#38 {main}
"} 
[2025-01-19 18:10:39] local.ERROR: SQLSTATE[42S22]: Column not found: 1054 Unknown column 'remember_token' in 'field list' (Connection: mysql, SQL: update `users` set `remember_token` = HPbNKJ8x5Si2bCP6t9R6ll3HRVhRvmn1Zsv0JCiANUoXB1wASpxQWjZ3Ncsn where `id` = 1) {"userId":1,"exception":"[object] (Illuminate\\Database\\QueryException(code: 42S22): SQLSTATE[42S22]: Column not found: 1054 Unknown column 'remember_token' in 'field list' (Connection: mysql, SQL: update `users` set `remember_token` = HPbNKJ8x5Si2bCP6t9R6ll3HRVhRvmn1Zsv0JCiANUoXB1wASpxQWjZ3Ncsn where `id` = 1) at F:\\LaravelProject\\laravel_1st\\vendor\\laravel\\framework\\src\\Illuminate\\Database\\Connection.php:829)
[stacktrace]
#0 F:\\LaravelProject\\laravel_1st\\vendor\\laravel\\framework\\src\\Illuminate\\Database\\Connection.php(783): Illuminate\\Database\\Connection->runQueryCallback()
#1 F:\\LaravelProject\\laravel_1st\\vendor\\laravel\\framework\\src\\Illuminate\\Database\\Connection.php(600): Illuminate\\Database\\Connection->run()
#2 F:\\LaravelProject\\laravel_1st\\vendor\\laravel\\framework\\src\\Illuminate\\Database\\Connection.php(552): Illuminate\\Database\\Connection->affectingStatement()
#3 F:\\LaravelProject\\laravel_1st\\vendor\\laravel\\framework\\src\\Illuminate\\Database\\Query\\Builder.php(3602): Illuminate\\Database\\Connection->update()
#4 F:\\LaravelProject\\laravel_1st\\vendor\\laravel\\framework\\src\\Illuminate\\Database\\Eloquent\\Builder.php(1061): Illuminate\\Database\\Query\\Builder->update()
#5 F:\\LaravelProject\\laravel_1st\\vendor\\laravel\\framework\\src\\Illuminate\\Database\\Eloquent\\Model.php(1214): Illuminate\\Database\\Eloquent\\Builder->update()
#6 F:\\LaravelProject\\laravel_1st\\vendor\\laravel\\framework\\src\\Illuminate\\Database\\Eloquent\\Model.php(1131): Illuminate\\Database\\Eloquent\\Model->performUpdate()
#7 F:\\LaravelProject\\laravel_1st\\vendor\\laravel\\framework\\src\\Illuminate\\Auth\\EloquentUserProvider.php(101): Illuminate\\Database\\Eloquent\\Model->save()
#8 F:\\LaravelProject\\laravel_1st\\vendor\\laravel\\framework\\src\\Illuminate\\Auth\\SessionGuard.php(650): Illuminate\\Auth\\EloquentUserProvider->updateRememberToken()
#9 F:\\LaravelProject\\laravel_1st\\vendor\\laravel\\framework\\src\\Illuminate\\Auth\\SessionGuard.php(536): Illuminate\\Auth\\SessionGuard->cycleRememberToken()
#10 F:\\LaravelProject\\laravel_1st\\vendor\\laravel\\framework\\src\\Illuminate\\Auth\\SessionGuard.php(501): Illuminate\\Auth\\SessionGuard->ensureRememberTokenIsSet()
#11 F:\\LaravelProject\\laravel_1st\\vendor\\laravel\\framework\\src\\Illuminate\\Auth\\SessionGuard.php(387): Illuminate\\Auth\\SessionGuard->login()
#12 F:\\LaravelProject\\laravel_1st\\vendor\\laravel\\framework\\src\\Illuminate\\Auth\\AuthManager.php(340): Illuminate\\Auth\\SessionGuard->attempt()
#13 F:\\LaravelProject\\laravel_1st\\vendor\\laravel\\framework\\src\\Illuminate\\Support\\Facades\\Facade.php(355): Illuminate\\Auth\\AuthManager->__call()
#14 F:\\LaravelProject\\laravel_1st\\app\\Http\\Requests\\Auth\\LoginRequest.php(44): Illuminate\\Support\\Facades\\Facade::__callStatic()
#15 F:\\LaravelProject\\laravel_1st\\app\\Http\\Controllers\\Auth\\AuthenticatedSessionController.php(26): App\\Http\\Requests\\Auth\\LoginRequest->authenticate()
#16 F:\\LaravelProject\\laravel_1st\\vendor\\laravel\\framework\\src\\Illuminate\\Routing\\Controller.php(54): App\\Http\\Controllers\\Auth\\AuthenticatedSessionController->store()
#17 F:\\LaravelProject\\laravel_1st\\vendor\\laravel\\framework\\src\\Illuminate\\Routing\\ControllerDispatcher.php(43): Illuminate\\Routing\\Controller->callAction()
#18 F:\\LaravelProject\\laravel_1st\\vendor\\laravel\\framework\\src\\Illuminate\\Routing\\Route.php(259): Illuminate\\Routing\\ControllerDispatcher->dispatch()
#19 F:\\LaravelProject\\laravel_1st\\vendor\\laravel\\framework\\src\\Illuminate\\Routing\\Route.php(205): Illuminate\\Routing\\Route->runController()
#20 F:\\LaravelProject\\laravel_1st\\vendor\\laravel\\framework\\src\\Illuminate\\Routing\\Router.php(806): Illuminate\\Routing\\Route->run()
#21 F:\\LaravelProject\\laravel_1st\\vendor\\laravel\\framework\\src\\Illuminate\\Pipeline\\Pipeline.php(144): Illuminate\\Routing\\Router->Illuminate\\Routing\\{closure}()
#22 F:\\LaravelProject\\laravel_1st\\app\\Http\\Middleware\\RedirectIfAuthenticated.php(28): Illuminate\\Pipeline\\Pipeline->Illuminate\\Pipeline\\{closure}()
#23 F:\\LaravelProject\\laravel_1st\\vendor\\laravel\\framework\\src\\Illuminate\\Pipeline\\Pipeline.php(183): App\\Http\\Middleware\\RedirectIfAuthenticated->handle()
#24 F:\\LaravelProject\\laravel_1st\\vendor\\laravel\\framework\\src\\Illuminate\\Routing\\Middleware\\SubstituteBindings.php(50): Illuminate\\Pipeline\\Pipeline->Illuminate\\Pipeline\\{closure}()
#25 F:\\LaravelProject\\laravel_1st\\vendor\\laravel\\framework\\src\\Illuminate\\Pipeline\\Pipeline.php(183): Illuminate\\Routing\\Middleware\\SubstituteBindings->handle()
#26 F:\\LaravelProject\\laravel_1st\\vendor\\laravel\\framework\\src\\Illuminate\\Foundation\\Http\\Middleware\\VerifyCsrfToken.php(78): Illuminate\\Pipeline\\Pipeline->Illuminate\\Pipeline\\{closure}()
#27 F:\\LaravelProject\\laravel_1st\\vendor\\laravel\\framework\\src\\Illuminate\\Pipeline\\Pipeline.php(183): Illuminate\\Foundation\\Http\\Middleware\\VerifyCsrfToken->handle()
#28 F:\\LaravelProject\\laravel_1st\\vendor\\laravel\\framework\\src\\Illuminate\\View\\Middleware\\ShareErrorsFromSession.php(49): Illuminate\\Pipeline\\Pipeline->Illuminate\\Pipeline\\{closure}()
#29 F:\\LaravelProject\\laravel_1st\\vendor\\laravel\\framework\\src\\Illuminate\\Pipeline\\Pipeline.php(183): Illuminate\\View\\Middleware\\ShareErrorsFromSession->handle()
#30 F:\\LaravelProject\\laravel_1st\\vendor\\laravel\\framework\\src\\Illuminate\\Session\\Middleware\\StartSession.php(121): Illuminate\\Pipeline\\Pipeline->Illuminate\\Pipeline\\{closure}()
#31 F:\\LaravelProject\\laravel_1st\\vendor\\laravel\\framework\\src\\Illuminate\\Session\\Middleware\\StartSession.php(64): Illuminate\\Session\\Middleware\\StartSession->handleStatefulRequest()
#32 F:\\LaravelProject\\laravel_1st\\vendor\\laravel\\framework\\src\\Illuminate\\Pipeline\\Pipeline.php(183): Illuminate\\Session\\Middleware\\StartSession->handle()
#33 F:\\LaravelProject\\laravel_1st\\vendor\\laravel\\framework\\src\\Illuminate\\Cookie\\Middleware\\AddQueuedCookiesToResponse.php(37): Illuminate\\Pipeline\\Pipeline->Illuminate\\Pipeline\\{closure}()
#34 F:\\LaravelProject\\laravel_1st\\vendor\\laravel\\framework\\src\\Illuminate\\Pipeline\\Pipeline.php(183): Illuminate\\Cookie\\Middleware\\AddQueuedCookiesToResponse->handle()
#35 F:\\LaravelProject\\laravel_1st\\vendor\\laravel\\framework\\src\\Illuminate\\Cookie\\Middleware\\EncryptCookies.php(67): Illuminate\\Pipeline\\Pipeline->Illuminate\\Pipeline\\{closure}()
#36 F:\\LaravelProject\\laravel_1st\\vendor\\laravel\\framework\\src\\Illuminate\\Pipeline\\Pipeline.php(183): Illuminate\\Cookie\\Middleware\\EncryptCookies->handle()
#37 F:\\LaravelProject\\laravel_1st\\vendor\\laravel\\framework\\src\\Illuminate\\Pipeline\\Pipeline.php(119): Illuminate\\Pipeline\\Pipeline->Illuminate\\Pipeline\\{closure}()
#38 F:\\LaravelProject\\laravel_1st\\vendor\\laravel\\framework\\src\\Illuminate\\Routing\\Router.php(805): Illuminate\\Pipeline\\Pipeline->then()
#39 F:\\LaravelProject\\laravel_1st\\vendor\\laravel\\framework\\src\\Illuminate\\Routing\\Router.php(784): Illuminate\\Routing\\Router->runRouteWithinStack()
#40 F:\\LaravelProject\\laravel_1st\\vendor\\laravel\\framework\\src\\Illuminate\\Routing\\Router.php(748): Illuminate\\Routing\\Router->runRoute()
#41 F:\\LaravelProject\\laravel_1st\\vendor\\laravel\\framework\\src\\Illuminate\\Routing\\Router.php(737): Illuminate\\Routing\\Router->dispatchToRoute()
#42 F:\\LaravelProject\\laravel_1st\\vendor\\laravel\\framework\\src\\Illuminate\\Foundation\\Http\\Kernel.php(200): Illuminate\\Routing\\Router->dispatch()
#43 F:\\LaravelProject\\laravel_1st\\vendor\\laravel\\framework\\src\\Illuminate\\Pipeline\\Pipeline.php(144): Illuminate\\Foundation\\Http\\Kernel->Illuminate\\Foundation\\Http\\{closure}()
#44 F:\\LaravelProject\\laravel_1st\\vendor\\laravel\\framework\\src\\Illuminate\\Foundation\\Http\\Middleware\\TransformsRequest.php(21): Illuminate\\Pipeline\\Pipeline->Illuminate\\Pipeline\\{closure}()
#45 F:\\LaravelProject\\laravel_1st\\vendor\\laravel\\framework\\src\\Illuminate\\Foundation\\Http\\Middleware\\ConvertEmptyStringsToNull.php(31): Illuminate\\Foundation\\Http\\Middleware\\TransformsRequest->handle()
#46 F:\\LaravelProject\\laravel_1st\\vendor\\laravel\\framework\\src\\Illuminate\\Pipeline\\Pipeline.php(183): Illuminate\\Foundation\\Http\\Middleware\\ConvertEmptyStringsToNull->handle()
#47 F:\\LaravelProject\\laravel_1st\\vendor\\laravel\\framework\\src\\Illuminate\\Foundation\\Http\\Middleware\\TransformsRequest.php(21): Illuminate\\Pipeline\\Pipeline->Illuminate\\Pipeline\\{closure}()
#48 F:\\LaravelProject\\laravel_1st\\vendor\\laravel\\framework\\src\\Illuminate\\Foundation\\Http\\Middleware\\TrimStrings.php(40): Illuminate\\Foundation\\Http\\Middleware\\TransformsRequest->handle()
#49 F:\\LaravelProject\\laravel_1st\\vendor\\laravel\\framework\\src\\Illuminate\\Pipeline\\Pipeline.php(183): Illuminate\\Foundation\\Http\\Middleware\\TrimStrings->handle()
#50 F:\\LaravelProject\\laravel_1st\\vendor\\laravel\\framework\\src\\Illuminate\\Foundation\\Http\\Middleware\\ValidatePostSize.php(27): Illuminate\\Pipeline\\Pipeline->Illuminate\\Pipeline\\{closure}()
#51 F:\\LaravelProject\\laravel_1st\\vendor\\laravel\\framework\\src\\Illuminate\\Pipeline\\Pipeline.php(183): Illuminate\\Foundation\\Http\\Middleware\\ValidatePostSize->handle()
#52 F:\\LaravelProject\\laravel_1st\\vendor\\laravel\\framework\\src\\Illuminate\\Foundation\\Http\\Middleware\\PreventRequestsDuringMaintenance.php(99): Illuminate\\Pipeline\\Pipeline->Illuminate\\Pipeline\\{closure}()
#53 F:\\LaravelProject\\laravel_1st\\vendor\\laravel\\framework\\src\\Illuminate\\Pipeline\\Pipeline.php(183): Illuminate\\Foundation\\Http\\Middleware\\PreventRequestsDuringMaintenance->handle()
#54 F:\\LaravelProject\\laravel_1st\\vendor\\laravel\\framework\\src\\Illuminate\\Http\\Middleware\\HandleCors.php(49): Illuminate\\Pipeline\\Pipeline->Illuminate\\Pipeline\\{closure}()
#55 F:\\LaravelProject\\laravel_1st\\vendor\\laravel\\framework\\src\\Illuminate\\Pipeline\\Pipeline.php(183): Illuminate\\Http\\Middleware\\HandleCors->handle()
#56 F:\\LaravelProject\\laravel_1st\\vendor\\laravel\\framework\\src\\Illuminate\\Http\\Middleware\\TrustProxies.php(39): Illuminate\\Pipeline\\Pipeline->Illuminate\\Pipeline\\{closure}()
#57 F:\\LaravelProject\\laravel_1st\\vendor\\laravel\\framework\\src\\Illuminate\\Pipeline\\Pipeline.php(183): Illuminate\\Http\\Middleware\\TrustProxies->handle()
#58 F:\\LaravelProject\\laravel_1st\\vendor\\laravel\\framework\\src\\Illuminate\\Pipeline\\Pipeline.php(119): Illuminate\\Pipeline\\Pipeline->Illuminate\\Pipeline\\{closure}()
#59 F:\\LaravelProject\\laravel_1st\\vendor\\laravel\\framework\\src\\Illuminate\\Foundation\\Http\\Kernel.php(175): Illuminate\\Pipeline\\Pipeline->then()
#60 F:\\LaravelProject\\laravel_1st\\vendor\\laravel\\framework\\src\\Illuminate\\Foundation\\Http\\Kernel.php(144): Illuminate\\Foundation\\Http\\Kernel->sendRequestThroughRouter()
#61 F:\\LaravelProject\\laravel_1st\\public\\index.php(51): Illuminate\\Foundation\\Http\\Kernel->handle()
#62 F:\\LaravelProject\\laravel_1st\\vendor\\laravel\\framework\\src\\Illuminate\\Foundation\\resources\\server.php(16): require_once('...')
#63 {main}

[previous exception] [object] (PDOException(code: 42S22): SQLSTATE[42S22]: Column not found: 1054 Unknown column 'remember_token' in 'field list' at F:\\LaravelProject\\laravel_1st\\vendor\\laravel\\framework\\src\\Illuminate\\Database\\Connection.php:608)
[stacktrace]
#0 F:\\LaravelProject\\laravel_1st\\vendor\\laravel\\framework\\src\\Illuminate\\Database\\Connection.php(608): PDO->prepare()
#1 F:\\LaravelProject\\laravel_1st\\vendor\\laravel\\framework\\src\\Illuminate\\Database\\Connection.php(816): Illuminate\\Database\\Connection->Illuminate\\Database\\{closure}()
#2 F:\\LaravelProject\\laravel_1st\\vendor\\laravel\\framework\\src\\Illuminate\\Database\\Connection.php(783): Illuminate\\Database\\Connection->runQueryCallback()
#3 F:\\LaravelProject\\laravel_1st\\vendor\\laravel\\framework\\src\\Illuminate\\Database\\Connection.php(600): Illuminate\\Database\\Connection->run()
#4 F:\\LaravelProject\\laravel_1st\\vendor\\laravel\\framework\\src\\Illuminate\\Database\\Connection.php(552): Illuminate\\Database\\Connection->affectingStatement()
#5 F:\\LaravelProject\\laravel_1st\\vendor\\laravel\\framework\\src\\Illuminate\\Database\\Query\\Builder.php(3602): Illuminate\\Database\\Connection->update()
#6 F:\\LaravelProject\\laravel_1st\\vendor\\laravel\\framework\\src\\Illuminate\\Database\\Eloquent\\Builder.php(1061): Illuminate\\Database\\Query\\Builder->update()
#7 F:\\LaravelProject\\laravel_1st\\vendor\\laravel\\framework\\src\\Illuminate\\Database\\Eloquent\\Model.php(1214): Illuminate\\Database\\Eloquent\\Builder->update()
#8 F:\\LaravelProject\\laravel_1st\\vendor\\laravel\\framework\\src\\Illuminate\\Database\\Eloquent\\Model.php(1131): Illuminate\\Database\\Eloquent\\Model->performUpdate()
#9 F:\\LaravelProject\\laravel_1st\\vendor\\laravel\\framework\\src\\Illuminate\\Auth\\EloquentUserProvider.php(101): Illuminate\\Database\\Eloquent\\Model->save()
#10 F:\\LaravelProject\\laravel_1st\\vendor\\laravel\\framework\\src\\Illuminate\\Auth\\SessionGuard.php(650): Illuminate\\Auth\\EloquentUserProvider->updateRememberToken()
#11 F:\\LaravelProject\\laravel_1st\\vendor\\laravel\\framework\\src\\Illuminate\\Auth\\SessionGuard.php(536): Illuminate\\Auth\\SessionGuard->cycleRememberToken()
#12 F:\\LaravelProject\\laravel_1st\\vendor\\laravel\\framework\\src\\Illuminate\\Auth\\SessionGuard.php(501): Illuminate\\Auth\\SessionGuard->ensureRememberTokenIsSet()
#13 F:\\LaravelProject\\laravel_1st\\vendor\\laravel\\framework\\src\\Illuminate\\Auth\\SessionGuard.php(387): Illuminate\\Auth\\SessionGuard->login()
#14 F:\\LaravelProject\\laravel_1st\\vendor\\laravel\\framework\\src\\Illuminate\\Auth\\AuthManager.php(340): Illuminate\\Auth\\SessionGuard->attempt()
#15 F:\\LaravelProject\\laravel_1st\\vendor\\laravel\\framework\\src\\Illuminate\\Support\\Facades\\Facade.php(355): Illuminate\\Auth\\AuthManager->__call()
#16 F:\\LaravelProject\\laravel_1st\\app\\Http\\Requests\\Auth\\LoginRequest.php(44): Illuminate\\Support\\Facades\\Facade::__callStatic()
#17 F:\\LaravelProject\\laravel_1st\\app\\Http\\Controllers\\Auth\\AuthenticatedSessionController.php(26): App\\Http\\Requests\\Auth\\LoginRequest->authenticate()
#18 F:\\LaravelProject\\laravel_1st\\vendor\\laravel\\framework\\src\\Illuminate\\Routing\\Controller.php(54): App\\Http\\Controllers\\Auth\\AuthenticatedSessionController->store()
#19 F:\\LaravelProject\\laravel_1st\\vendor\\laravel\\framework\\src\\Illuminate\\Routing\\ControllerDispatcher.php(43): Illuminate\\Routing\\Controller->callAction()
#20 F:\\LaravelProject\\laravel_1st\\vendor\\laravel\\framework\\src\\Illuminate\\Routing\\Route.php(259): Illuminate\\Routing\\ControllerDispatcher->dispatch()
#21 F:\\LaravelProject\\laravel_1st\\vendor\\laravel\\framework\\src\\Illuminate\\Routing\\Route.php(205): Illuminate\\Routing\\Route->runController()
#22 F:\\LaravelProject\\laravel_1st\\vendor\\laravel\\framework\\src\\Illuminate\\Routing\\Router.php(806): Illuminate\\Routing\\Route->run()
#23 F:\\LaravelProject\\laravel_1st\\vendor\\laravel\\framework\\src\\Illuminate\\Pipeline\\Pipeline.php(144): Illuminate\\Routing\\Router->Illuminate\\Routing\\{closure}()
#24 F:\\LaravelProject\\laravel_1st\\app\\Http\\Middleware\\RedirectIfAuthenticated.php(28): Illuminate\\Pipeline\\Pipeline->Illuminate\\Pipeline\\{closure}()
#25 F:\\LaravelProject\\laravel_1st\\vendor\\laravel\\framework\\src\\Illuminate\\Pipeline\\Pipeline.php(183): App\\Http\\Middleware\\RedirectIfAuthenticated->handle()
#26 F:\\LaravelProject\\laravel_1st\\vendor\\laravel\\framework\\src\\Illuminate\\Routing\\Middleware\\SubstituteBindings.php(50): Illuminate\\Pipeline\\Pipeline->Illuminate\\Pipeline\\{closure}()
#27 F:\\LaravelProject\\laravel_1st\\vendor\\laravel\\framework\\src\\Illuminate\\Pipeline\\Pipeline.php(183): Illuminate\\Routing\\Middleware\\SubstituteBindings->handle()
#28 F:\\LaravelProject\\laravel_1st\\vendor\\laravel\\framework\\src\\Illuminate\\Foundation\\Http\\Middleware\\VerifyCsrfToken.php(78): Illuminate\\Pipeline\\Pipeline->Illuminate\\Pipeline\\{closure}()
#29 F:\\LaravelProject\\laravel_1st\\vendor\\laravel\\framework\\src\\Illuminate\\Pipeline\\Pipeline.php(183): Illuminate\\Foundation\\Http\\Middleware\\VerifyCsrfToken->handle()
#30 F:\\LaravelProject\\laravel_1st\\vendor\\laravel\\framework\\src\\Illuminate\\View\\Middleware\\ShareErrorsFromSession.php(49): Illuminate\\Pipeline\\Pipeline->Illuminate\\Pipeline\\{closure}()
#31 F:\\LaravelProject\\laravel_1st\\vendor\\laravel\\framework\\src\\Illuminate\\Pipeline\\Pipeline.php(183): Illuminate\\View\\Middleware\\ShareErrorsFromSession->handle()
#32 F:\\LaravelProject\\laravel_1st\\vendor\\laravel\\framework\\src\\Illuminate\\Session\\Middleware\\StartSession.php(121): Illuminate\\Pipeline\\Pipeline->Illuminate\\Pipeline\\{closure}()
#33 F:\\LaravelProject\\laravel_1st\\vendor\\laravel\\framework\\src\\Illuminate\\Session\\Middleware\\StartSession.php(64): Illuminate\\Session\\Middleware\\StartSession->handleStatefulRequest()
#34 F:\\LaravelProject\\laravel_1st\\vendor\\laravel\\framework\\src\\Illuminate\\Pipeline\\Pipeline.php(183): Illuminate\\Session\\Middleware\\StartSession->handle()
#35 F:\\LaravelProject\\laravel_1st\\vendor\\laravel\\framework\\src\\Illuminate\\Cookie\\Middleware\\AddQueuedCookiesToResponse.php(37): Illuminate\\Pipeline\\Pipeline->Illuminate\\Pipeline\\{closure}()
#36 F:\\LaravelProject\\laravel_1st\\vendor\\laravel\\framework\\src\\Illuminate\\Pipeline\\Pipeline.php(183): Illuminate\\Cookie\\Middleware\\AddQueuedCookiesToResponse->handle()
#37 F:\\LaravelProject\\laravel_1st\\vendor\\laravel\\framework\\src\\Illuminate\\Cookie\\Middleware\\EncryptCookies.php(67): Illuminate\\Pipeline\\Pipeline->Illuminate\\Pipeline\\{closure}()
#38 F:\\LaravelProject\\laravel_1st\\vendor\\laravel\\framework\\src\\Illuminate\\Pipeline\\Pipeline.php(183): Illuminate\\Cookie\\Middleware\\EncryptCookies->handle()
#39 F:\\LaravelProject\\laravel_1st\\vendor\\laravel\\framework\\src\\Illuminate\\Pipeline\\Pipeline.php(119): Illuminate\\Pipeline\\Pipeline->Illuminate\\Pipeline\\{closure}()
#40 F:\\LaravelProject\\laravel_1st\\vendor\\laravel\\framework\\src\\Illuminate\\Routing\\Router.php(805): Illuminate\\Pipeline\\Pipeline->then()
#41 F:\\LaravelProject\\laravel_1st\\vendor\\laravel\\framework\\src\\Illuminate\\Routing\\Router.php(784): Illuminate\\Routing\\Router->runRouteWithinStack()
#42 F:\\LaravelProject\\laravel_1st\\vendor\\laravel\\framework\\src\\Illuminate\\Routing\\Router.php(748): Illuminate\\Routing\\Router->runRoute()
#43 F:\\LaravelProject\\laravel_1st\\vendor\\laravel\\framework\\src\\Illuminate\\Routing\\Router.php(737): Illuminate\\Routing\\Router->dispatchToRoute()
#44 F:\\LaravelProject\\laravel_1st\\vendor\\laravel\\framework\\src\\Illuminate\\Foundation\\Http\\Kernel.php(200): Illuminate\\Routing\\Router->dispatch()
#45 F:\\LaravelProject\\laravel_1st\\vendor\\laravel\\framework\\src\\Illuminate\\Pipeline\\Pipeline.php(144): Illuminate\\Foundation\\Http\\Kernel->Illuminate\\Foundation\\Http\\{closure}()
#46 F:\\LaravelProject\\laravel_1st\\vendor\\laravel\\framework\\src\\Illuminate\\Foundation\\Http\\Middleware\\TransformsRequest.php(21): Illuminate\\Pipeline\\Pipeline->Illuminate\\Pipeline\\{closure}()
#47 F:\\LaravelProject\\laravel_1st\\vendor\\laravel\\framework\\src\\Illuminate\\Foundation\\Http\\Middleware\\ConvertEmptyStringsToNull.php(31): Illuminate\\Foundation\\Http\\Middleware\\TransformsRequest->handle()
#48 F:\\LaravelProject\\laravel_1st\\vendor\\laravel\\framework\\src\\Illuminate\\Pipeline\\Pipeline.php(183): Illuminate\\Foundation\\Http\\Middleware\\ConvertEmptyStringsToNull->handle()
#49 F:\\LaravelProject\\laravel_1st\\vendor\\laravel\\framework\\src\\Illuminate\\Foundation\\Http\\Middleware\\TransformsRequest.php(21): Illuminate\\Pipeline\\Pipeline->Illuminate\\Pipeline\\{closure}()
#50 F:\\LaravelProject\\laravel_1st\\vendor\\laravel\\framework\\src\\Illuminate\\Foundation\\Http\\Middleware\\TrimStrings.php(40): Illuminate\\Foundation\\Http\\Middleware\\TransformsRequest->handle()
#51 F:\\LaravelProject\\laravel_1st\\vendor\\laravel\\framework\\src\\Illuminate\\Pipeline\\Pipeline.php(183): Illuminate\\Foundation\\Http\\Middleware\\TrimStrings->handle()
#52 F:\\LaravelProject\\laravel_1st\\vendor\\laravel\\framework\\src\\Illuminate\\Foundation\\Http\\Middleware\\ValidatePostSize.php(27): Illuminate\\Pipeline\\Pipeline->Illuminate\\Pipeline\\{closure}()
#53 F:\\LaravelProject\\laravel_1st\\vendor\\laravel\\framework\\src\\Illuminate\\Pipeline\\Pipeline.php(183): Illuminate\\Foundation\\Http\\Middleware\\ValidatePostSize->handle()
#54 F:\\LaravelProject\\laravel_1st\\vendor\\laravel\\framework\\src\\Illuminate\\Foundation\\Http\\Middleware\\PreventRequestsDuringMaintenance.php(99): Illuminate\\Pipeline\\Pipeline->Illuminate\\Pipeline\\{closure}()
#55 F:\\LaravelProject\\laravel_1st\\vendor\\laravel\\framework\\src\\Illuminate\\Pipeline\\Pipeline.php(183): Illuminate\\Foundation\\Http\\Middleware\\PreventRequestsDuringMaintenance->handle()
#56 F:\\LaravelProject\\laravel_1st\\vendor\\laravel\\framework\\src\\Illuminate\\Http\\Middleware\\HandleCors.php(49): Illuminate\\Pipeline\\Pipeline->Illuminate\\Pipeline\\{closure}()
#57 F:\\LaravelProject\\laravel_1st\\vendor\\laravel\\framework\\src\\Illuminate\\Pipeline\\Pipeline.php(183): Illuminate\\Http\\Middleware\\HandleCors->handle()
#58 F:\\LaravelProject\\laravel_1st\\vendor\\laravel\\framework\\src\\Illuminate\\Http\\Middleware\\TrustProxies.php(39): Illuminate\\Pipeline\\Pipeline->Illuminate\\Pipeline\\{closure}()
#59 F:\\LaravelProject\\laravel_1st\\vendor\\laravel\\framework\\src\\Illuminate\\Pipeline\\Pipeline.php(183): Illuminate\\Http\\Middleware\\TrustProxies->handle()
#60 F:\\LaravelProject\\laravel_1st\\vendor\\laravel\\framework\\src\\Illuminate\\Pipeline\\Pipeline.php(119): Illuminate\\Pipeline\\Pipeline->Illuminate\\Pipeline\\{closure}()
#61 F:\\LaravelProject\\laravel_1st\\vendor\\laravel\\framework\\src\\Illuminate\\Foundation\\Http\\Kernel.php(175): Illuminate\\Pipeline\\Pipeline->then()
#62 F:\\LaravelProject\\laravel_1st\\vendor\\laravel\\framework\\src\\Illuminate\\Foundation\\Http\\Kernel.php(144): Illuminate\\Foundation\\Http\\Kernel->sendRequestThroughRouter()
#63 F:\\LaravelProject\\laravel_1st\\public\\index.php(51): Illuminate\\Foundation\\Http\\Kernel->handle()
#64 F:\\LaravelProject\\laravel_1st\\vendor\\laravel\\framework\\src\\Illuminate\\Foundation\\resources\\server.php(16): require_once('...')
#65 {main}
"} 
